Balanced_Scorecard.Rmd
Pengurusan_Penaksiran_Risiko.Rmd
Piagam_Pelanggan.Rmd
PKO_01_Sebut_harga_tender_kontrak.Rmd
PKO_02_Pemantauan_Penyerahan_Perkhidmatan_Integrasi_Sistem.Rmd
PKO_03_Pengurusan_Pemantauan_Pembayaran_Pembekal.Rmd
PKS_01_Pengendalian_Aduan_Pelanggan.Rmd
PKS_02_Kajian_Semula_Pengurusan.Rmd
PKS_03_Perolehan.Rmd
PKS_04_Pengendalian_Latihan.Rmd
PKS_05_Bajet.Rmd
PKS_06_Teknologi_Maklumat.Rmd
PKS_07_Utiliti.Rmd
PKS_08_Pelaksanaan_Integriti_Akauntabiliti_AntiRasuah.Rmd
PKS_09_Keselamatan_Sumber_Manusia.Rmd
PKW_01_Kawalan_Dokumen.Rmd
PKW_02_Rekod_Kualiti_Bak.Rmd
PKW_02_Rekod_Kualiti.Rmd
PKW_03_Audit_Dalam.Rmd
PKW_04_Tindakan_Pembetulan.Rmd
PKW_05_Tindakan_Pencegahan.Rmd
PKW_06_Kawalan_Output_Tak_Akur.Rmd
PKW_06_Kawalan_Produk_Tidak_Memenuhi_Spesifikasi.Rmd
